<?xml version="1.0" encoding="UTF-8"?>
<testsuite xmlns:xsi="http://www.w3.org/2001/XMLSchema-instance" xsi:noNamespaceSchemaLocation="https://maven.apache.org/surefire/maven-surefire-plugin/xsd/surefire-test-report-3.0.xsd" version="3.0" name="cucumber.Cucumbertestngrunner" time="4.831" tests="2" errors="0" skipped="0" failures="2">
  <properties>
[...]
</properties>
  <testcase name="runScenario[&quot;&quot;, &quot;purchase the order&quot;](1)" classname="cucumber.Cucumbertestngrunner" time="1.529">
    <failure message="Could not start a new session. Response code 500. Message: session not created: Microsoft Edge failed to start: crashed.&#10;  (session not created: DevToolsActivePort file doesn&apos;t exist)&#10;  (The process started from msedge location C:\Program Files (x86)\Microsoft\Edge\Application\msedge.exe is no longer running, so msedgedriver is assuming that msedge has crashed.) &#10;Host info: host: &apos;DESKTOP-R66QVO3&apos;, ip: &apos;192.168.1.41&apos;&#10;Build info: version: &apos;4.37.0&apos;, revision: &apos;3c1da1e342&apos;&#10;System info: os.name: &apos;Windows 10&apos;, os.arch: &apos;amd64&apos;, os.version: &apos;10.0&apos;, java.version: &apos;21.0.7&apos;&#10;Driver info: org.openqa.selenium.edge.EdgeDriver&#10;Command: [null, newSession {capabilities=[Capabilities {browserName: MicrosoftEdge, ms:edgeOptions: {args: [], extensions: []}}]}]" type="org.openqa.selenium.SessionNotCreatedException"><![CDATA[org.openqa.selenium.SessionNotCreatedException: 
Could not start a new session. Response code 500. Message: session not created: Microsoft Edge failed to start: crashed.
  (session not created: DevToolsActivePort file doesn't exist)
  (The process started from msedge location C:\Program Files (x86)\Microsoft\Edge\Application\msedge.exe is no longer running, so msedgedriver is assuming that msedge has crashed.) 
Host info: host: 'DESKTOP-R66QVO3', ip: '192.168.1.41'
Build info: version: '4.37.0', revision: '3c1da1e342'
System info: os.name: 'Windows 10', os.arch: 'amd64', os.version: '10.0', java.version: '21.0.7'
Driver info: org.openqa.selenium.edge.EdgeDriver
Command: [null, newSession {capabilities=[Capabilities {browserName: MicrosoftEdge, ms:edgeOptions: {args: [], extensions: []}}]}]
	at org.openqa.selenium.remote.ProtocolHandshake.createSession(ProtocolHandshake.java:114)
	at org.openqa.selenium.remote.ProtocolHandshake.createSession(ProtocolHandshake.java:75)
	at org.openqa.selenium.remote.ProtocolHandshake.createSession(ProtocolHandshake.java:61)
	at org.openqa.selenium.remote.HttpCommandExecutor.execute(HttpCommandExecutor.java:187)
	at org.openqa.selenium.remote.service.DriverCommandExecutor.invokeExecute(DriverCommandExecutor.java:216)
	at org.openqa.selenium.remote.service.DriverCommandExecutor.execute(DriverCommandExecutor.java:174)
	at org.openqa.selenium.remote.RemoteWebDriver.execute(RemoteWebDriver.java:557)
	at org.openqa.selenium.remote.RemoteWebDriver.startSession(RemoteWebDriver.java:246)
	at org.openqa.selenium.remote.RemoteWebDriver.<init>(RemoteWebDriver.java:174)
	at org.openqa.selenium.chromium.ChromiumDriver.<init>(ChromiumDriver.java:99)
	at org.openqa.selenium.edge.EdgeDriver.<init>(EdgeDriver.java:60)
	at org.openqa.selenium.edge.EdgeDriver.<init>(EdgeDriver.java:56)
	at org.openqa.selenium.edge.EdgeDriver.<init>(EdgeDriver.java:48)
	at org.openqa.selenium.edge.EdgeDriver.<init>(EdgeDriver.java:44)
	at ShoppingSite.Order_framework.driver_launch.launch(driver_launch.java:55)
	at ShoppingSite.Order_framework.driver_launch.broswer_maximize(driver_launch.java:92)
	at cucumberStepdefinition.StepDefinition.I_landed_on_application_landing_page(StepDefinition.java:26)
	at ✽.I landed on application landing page(file:///D:/Java%20and%20Selenium/Java-and-Selenium/Order_framework/src/test/java/cucumber/submitorder.feature:4)
]]></failure>
    <system-err><![CDATA[SLF4J(W): No SLF4J providers were found.
SLF4J(W): Defaulting to no-operation (NOP) logger implementation
SLF4J(W): See https://www.slf4j.org/codes.html#noProviders for further details.
]]></system-err>
  </testcase>
  <testcase name="runScenario[&quot;&quot;, &quot;purchase the order&quot;](2)" classname="cucumber.Cucumbertestngrunner" time="0.22">
    <failure message="Could not start a new session. Response code 500. Message: session not created: Microsoft Edge failed to start: crashed.&#10;  (session not created: DevToolsActivePort file doesn&apos;t exist)&#10;  (The process started from msedge location C:\Program Files (x86)\Microsoft\Edge\Application\msedge.exe is no longer running, so msedgedriver is assuming that msedge has crashed.) &#10;Host info: host: &apos;DESKTOP-R66QVO3&apos;, ip: &apos;192.168.1.41&apos;&#10;Build info: version: &apos;4.37.0&apos;, revision: &apos;3c1da1e342&apos;&#10;System info: os.name: &apos;Windows 10&apos;, os.arch: &apos;amd64&apos;, os.version: &apos;10.0&apos;, java.version: &apos;21.0.7&apos;&#10;Driver info: org.openqa.selenium.edge.EdgeDriver&#10;Command: [null, newSession {capabilities=[Capabilities {browserName: MicrosoftEdge, ms:edgeOptions: {args: [], extensions: []}}]}]" type="org.openqa.selenium.SessionNotCreatedException"><![CDATA[org.openqa.selenium.SessionNotCreatedException: 
Could not start a new session. Response code 500. Message: session not created: Microsoft Edge failed to start: crashed.
  (session not created: DevToolsActivePort file doesn't exist)
  (The process started from msedge location C:\Program Files (x86)\Microsoft\Edge\Application\msedge.exe is no longer running, so msedgedriver is assuming that msedge has crashed.) 
Host info: host: 'DESKTOP-R66QVO3', ip: '192.168.1.41'
Build info: version: '4.37.0', revision: '3c1da1e342'
System info: os.name: 'Windows 10', os.arch: 'amd64', os.version: '10.0', java.version: '21.0.7'
Driver info: org.openqa.selenium.edge.EdgeDriver
Command: [null, newSession {capabilities=[Capabilities {browserName: MicrosoftEdge, ms:edgeOptions: {args: [], extensions: []}}]}]
	at org.openqa.selenium.remote.ProtocolHandshake.createSession(ProtocolHandshake.java:114)
	at org.openqa.selenium.remote.ProtocolHandshake.createSession(ProtocolHandshake.java:75)
	at org.openqa.selenium.remote.ProtocolHandshake.createSession(ProtocolHandshake.java:61)
	at org.openqa.selenium.remote.HttpCommandExecutor.execute(HttpCommandExecutor.java:187)
	at org.openqa.selenium.remote.service.DriverCommandExecutor.invokeExecute(DriverCommandExecutor.java:216)
	at org.openqa.selenium.remote.service.DriverCommandExecutor.execute(DriverCommandExecutor.java:174)
	at org.openqa.selenium.remote.RemoteWebDriver.execute(RemoteWebDriver.java:557)
	at org.openqa.selenium.remote.RemoteWebDriver.startSession(RemoteWebDriver.java:246)
	at org.openqa.selenium.remote.RemoteWebDriver.<init>(RemoteWebDriver.java:174)
	at org.openqa.selenium.chromium.ChromiumDriver.<init>(ChromiumDriver.java:99)
	at org.openqa.selenium.edge.EdgeDriver.<init>(EdgeDriver.java:60)
	at org.openqa.selenium.edge.EdgeDriver.<init>(EdgeDriver.java:56)
	at org.openqa.selenium.edge.EdgeDriver.<init>(EdgeDriver.java:48)
	at org.openqa.selenium.edge.EdgeDriver.<init>(EdgeDriver.java:44)
	at ShoppingSite.Order_framework.driver_launch.launch(driver_launch.java:55)
	at ShoppingSite.Order_framework.driver_launch.broswer_maximize(driver_launch.java:92)
	at cucumberStepdefinition.StepDefinition.I_landed_on_application_landing_page(StepDefinition.java:26)
	at ✽.I landed on application landing page(file:///D:/Java%20and%20Selenium/Java-and-Selenium/Order_framework/src/test/java/cucumber/submitorder.feature:4)
]]></failure>
  </testcase>
</testsuite>