<?xml version="1.0" encoding="UTF-8"?>
<!-- Generated by org.testng.reporters.JUnitReportReporter -->
<testsuite hostname="DESKTOP-R66QVO3" failures="0" tests="2" name="cucumber.Cucumbertestngrunner" time="68.101" errors="0" timestamp="2025-10-20T18:58:12 IST" skipped="0">
  <testcase classname="cucumber.Cucumbertestngrunner" name="runScenario" time="34.425"/>
  <testcase classname="cucumber.Cucumbertestngrunner" name="runScenario" time="33.676"/>
</testsuite> <!-- cucumber.Cucumbertestngrunner -->
