<?xml version="1.0" encoding="UTF-8"?>
<!-- Generated by org.testng.reporters.JUnitReportReporter -->
<testsuite skipped="0" hostname="APTINWLPF509A9J" name="ShoppingSite.Order_framework.Login_checker" tests="2" failures="0" timestamp="2025-10-14T09:47:38 IST" time="64.372" errors="0">
  <testcase name="login_game" time="53.213" classname="ShoppingSite.Order_framework.Login_checker"/>
  <system-out/>
  <testcase name="login_game" time="11.159" classname="ShoppingSite.Order_framework.Login_checker"/>
  <system-out/>
</testsuite> <!-- ShoppingSite.Order_framework.Login_checker -->
